<?xml version="1.0" encoding="UTF-8" ?>
<testsuite errors="0" failures="0" hostname="ujjwal-PC" name="auctionhaus.ListingNotificationServiceTests" tests="3" time="1.745" timestamp="2012-04-13T20:30:46">
  <properties />
  <testcase classname="auctionhaus.ListingNotificationServiceTests" name="testListingEndedSendEmail_usingGreenMail" time="0.522" />
  <testcase classname="auctionhaus.ListingNotificationServiceTests" name="testListingEndedSendJMS" time="0.845" />
  <testcase classname="auctionhaus.ListingNotificationServiceTests" name="testListingEndedSendEmail" time="0.357" />
  <system-out><![CDATA[--Output from testListingEndedSendEmail_usingGreenMail--
Listing ended call for Orange
sendListingEndedEmailToWinner for Orange
complete sendListingEndedEmailToWinner for Orange
sendListingEndedEmailToSeller for Orange
complete sendListingEndedEmailToWinner for Orange
--Output from testListingEndedSendJMS--
Get all expired listing
sendListingEndedJMS for Cup
completed sendListingJMS for: cup
sendListingEndedJMS for Mug
completed sendListingJMS for: mug
--Output from testListingEndedSendEmail--
Listing ended call for Orange
sendListingEndedEmailToWinner for Orange
exception: groovy.lang.MissingMethodException: No signature of method: auctionhaus.ListingNotificationService.sendMail() is applicable for argument types: (auctionhaus.ListingNotificationService$_sendListingEndedEmailToWinner_closure2) values: [auctionhaus.ListingNotificationService$_sendListingEndedEmailToWinner_closure2@3d33f3cf]
Possible solutions: findAll()
]]></system-out>
  <system-err><![CDATA[--Output from testListingEndedSendEmail_usingGreenMail--
--Output from testListingEndedSendJMS--
--Output from testListingEndedSendEmail--
]]></system-err>
</testsuite>
