<?xml version="1.0" encoding="UTF-8" ?>
<testsuite errors="0" failures="0" hostname="ujjwal-PC" name="auctionhaus.ListingServiceTests" tests="3" time="0.487" timestamp="2012-04-13T20:30:19">
  <properties />
  <testcase classname="auctionhaus.ListingServiceTests" name="testaddBidToListing_Fail_WhenListingExpired" time="0.108" />
  <testcase classname="auctionhaus.ListingServiceTests" name="testaddNewListing" time="0.087" />
  <testcase classname="auctionhaus.ListingServiceTests" name="testaddBidToListing" time="0.131" />
  <system-out><![CDATA[--Output from testaddBidToListing_Fail_WhenListingExpired--
--Output from testaddNewListing--
--Output from testaddBidToListing--
]]></system-out>
  <system-err><![CDATA[--Output from testaddBidToListing_Fail_WhenListingExpired--
--Output from testaddNewListing--
--Output from testaddBidToListing--
]]></system-err>
</testsuite>
