<?xml version="1.0" encoding="UTF-8" ?>
<testsuite errors="0" failures="0" hostname="ujjwal-PC" name="auctionhaus.CustomerTests" tests="7" time="0.453" timestamp="2012-04-13T16:50:35">
  <properties />
  <testcase classname="auctionhaus.CustomerTests" name="testPasswordIsBetweenRightSize" time="0.048" />
  <testcase classname="auctionhaus.CustomerTests" name="testPasswordIsRequired" time="0.041" />
  <testcase classname="auctionhaus.CustomerTests" name="testEmailIsRequired" time="0.024" />
  <testcase classname="auctionhaus.CustomerTests" name="testDateCreatedIsRequired" time="0.058" />
  <testcase classname="auctionhaus.CustomerTests" name="testPasswordIsBelowMax" time="0.034" />
  <testcase classname="auctionhaus.CustomerTests" name="testPasswordIsAboveMin" time="0.028" />
  <testcase classname="auctionhaus.CustomerTests" name="testEmailIsValid" time="0.038" />
  <system-out><![CDATA[--Output from testPasswordIsBetweenRightSize--
--Output from testPasswordIsRequired--
--Output from testEmailIsRequired--
--Output from testDateCreatedIsRequired--
--Output from testPasswordIsBelowMax--
--Output from testPasswordIsAboveMin--
--Output from testEmailIsValid--
]]></system-out>
  <system-err><![CDATA[--Output from testPasswordIsBetweenRightSize--
--Output from testPasswordIsRequired--
--Output from testEmailIsRequired--
--Output from testDateCreatedIsRequired--
--Output from testPasswordIsBelowMax--
--Output from testPasswordIsAboveMin--
--Output from testEmailIsValid--
]]></system-err>
</testsuite>
