<?xml version="1.0" encoding="UTF-8" ?>
<testsuite errors="0" failures="0" hostname="ujjwal-PC" name="auctionhaus.CustomerControllerTests" tests="1" time="2.255" timestamp="2012-04-13T20:30:11">
  <properties />
  <testcase classname="auctionhaus.CustomerControllerTests" name="testDelete" time="2.201" />
  <system-out><![CDATA[--Output from testDelete--
]]></system-out>
  <system-err><![CDATA[--Output from testDelete--
]]></system-err>
</testsuite>
