<?xml version="1.0" encoding="UTF-8" ?>
<testsuite errors="0" failures="0" hostname="ujjwal-PC" name="auctionhaus.BiddingIntegrationTests" tests="3" time="1.004" timestamp="2012-04-13T20:30:45">
  <properties />
  <testcase classname="auctionhaus.BiddingIntegrationTests" name="testBiddingIsSavedWhenListingIsSaved" time="0.779" />
  <testcase classname="auctionhaus.BiddingIntegrationTests" name="testBidAmountIsFiftyCentHigherThanPreviousBid" time="0.087" />
  <testcase classname="auctionhaus.BiddingIntegrationTests" name="testBidsAboutListingNamedQuery" time="0.126" />
  <system-out><![CDATA[--Output from testBiddingIsSavedWhenListingIsSaved--
--Output from testBidAmountIsFiftyCentHigherThanPreviousBid--
--Output from testBidsAboutListingNamedQuery--
]]></system-out>
  <system-err><![CDATA[--Output from testBiddingIsSavedWhenListingIsSaved--
--Output from testBidAmountIsFiftyCentHigherThanPreviousBid--
--Output from testBidsAboutListingNamedQuery--
]]></system-err>
</testsuite>
