<?xml version="1.0" encoding="UTF-8" ?>
<testsuite errors="0" failures="0" hostname="ujjwal-PC" name="auctionhaus.CustomerTests" tests="7" time="0.635" timestamp="2012-04-13T20:30:13">
  <properties />
  <testcase classname="auctionhaus.CustomerTests" name="testPasswordIsBelowMax" time="0.05" />
  <testcase classname="auctionhaus.CustomerTests" name="testDateCreatedIsRequired" time="0.056" />
  <testcase classname="auctionhaus.CustomerTests" name="testPasswordIsRequired" time="0.107" />
  <testcase classname="auctionhaus.CustomerTests" name="testEmailIsRequired" time="0.194" />
  <testcase classname="auctionhaus.CustomerTests" name="testPasswordIsAboveMin" time="0.053" />
  <testcase classname="auctionhaus.CustomerTests" name="testEmailIsValid" time="0.073" />
  <testcase classname="auctionhaus.CustomerTests" name="testPasswordIsBetweenRightSize" time="0.028" />
  <system-out><![CDATA[--Output from testPasswordIsBelowMax--
--Output from testDateCreatedIsRequired--
--Output from testPasswordIsRequired--
--Output from testEmailIsRequired--
--Output from testPasswordIsAboveMin--
--Output from testEmailIsValid--
--Output from testPasswordIsBetweenRightSize--
]]></system-out>
  <system-err><![CDATA[--Output from testPasswordIsBelowMax--
--Output from testDateCreatedIsRequired--
--Output from testPasswordIsRequired--
--Output from testEmailIsRequired--
--Output from testPasswordIsAboveMin--
--Output from testEmailIsValid--
--Output from testPasswordIsBetweenRightSize--
]]></system-err>
</testsuite>
