<?xml version="1.0" encoding="UTF-8" ?>
<testsuite errors="0" failures="0" hostname="ujjwal-PC" name="auctionhaus.EmailListeningServiceTests" tests="1" time="0.104" timestamp="2012-04-13T20:30:14">
  <properties />
  <testcase classname="auctionhaus.EmailListeningServiceTests" name="testSomething" time="0.03" />
  <system-out><![CDATA[--Output from testSomething--
]]></system-out>
  <system-err><![CDATA[--Output from testSomething--
]]></system-err>
</testsuite>
