<?xml version="1.0" encoding="UTF-8" ?>
<testsuite errors="0" failures="0" hostname="ujjwal-PC" name="auctionhaus.ListingControllerTests" tests="5" time="4.902" timestamp="2012-04-13T16:50:36">
  <properties />
  <testcase classname="auctionhaus.ListingControllerTests" name="testFlashAddBidSuccessful" time="0.41" />
  <testcase classname="auctionhaus.ListingControllerTests" name="testFlashAddBidFail" time="2.749" />
  <testcase classname="auctionhaus.ListingControllerTests" name="testInvalidAddBids" time="1.186" />
  <testcase classname="auctionhaus.ListingControllerTests" name="testAddBids" time="0.239" />
  <testcase classname="auctionhaus.ListingControllerTests" name="testIndex" time="0.211" />
  <system-out><![CDATA[--Output from testFlashAddBidSuccessful--
--Output from testFlashAddBidFail--
--Output from testInvalidAddBids--
default.unsuccessful.bid.submitted--Output from testAddBids--
--Output from testIndex--
]]></system-out>
  <system-err><![CDATA[--Output from testFlashAddBidSuccessful--
--Output from testFlashAddBidFail--
--Output from testInvalidAddBids--
--Output from testAddBids--
--Output from testIndex--
]]></system-err>
</testsuite>
