<?xml version="1.0" encoding="UTF-8" ?>
<testsuite errors="0" failures="0" hostname="ujjwal-PC" name="auctionhaus.ListingNotificationServiceTests" tests="3" time="1.216" timestamp="2012-04-13T16:51:04">
  <properties />
  <testcase classname="auctionhaus.ListingNotificationServiceTests" name="testListingEndedSendEmail_usingGreenMail" time="0.58" />
  <testcase classname="auctionhaus.ListingNotificationServiceTests" name="testListingEndedSendEmail" time="0.167" />
  <testcase classname="auctionhaus.ListingNotificationServiceTests" name="testListingEndedSendJMS" time="0.461" />
  <system-out><![CDATA[--Output from testListingEndedSendEmail_usingGreenMail--
Listing ended call for Orange
sendListingEndedEmailToWinner for Orange
complete sendListingEndedEmailToWinner for Orange
sendListingEndedEmailToSeller for Orange
complete sendListingEndedEmailToWinner for Orange
--Output from testListingEndedSendEmail--
Listing ended call for Orange
sendListingEndedEmailToWinner for Orange
complete sendListingEndedEmailToWinner for Orange
sendListingEndedEmailToSeller for Orange
complete sendListingEndedEmailToWinner for Orange
--Output from testListingEndedSendJMS--
Get all expired listing
sendListingEndedJMS for Cup
completed sendListingJMS for: cup
sendListingEndedJMS for Mug
completed sendListingJMS for: mug
]]></system-out>
  <system-err><![CDATA[--Output from testListingEndedSendEmail_usingGreenMail--
--Output from testListingEndedSendEmail--
--Output from testListingEndedSendJMS--
]]></system-err>
</testsuite>
